#! /usr/bin/vvp
:ivl_version "12.0 (stable)";
:ivl_delay_selection "TYPICAL";
:vpi_time_precision - 12;
:vpi_module "/usr/lib/x86_64-linux-gnu/ivl/system.vpi";
:vpi_module "/usr/lib/x86_64-linux-gnu/ivl/vhdl_sys.vpi";
:vpi_module "/usr/lib/x86_64-linux-gnu/ivl/vhdl_textio.vpi";
:vpi_module "/usr/lib/x86_64-linux-gnu/ivl/v2005_math.vpi";
:vpi_module "/usr/lib/x86_64-linux-gnu/ivl/va_math.vpi";
:vpi_module "/usr/lib/x86_64-linux-gnu/ivl/v2009.vpi";
S_0x59ccd5544260 .scope package, "$unit" "$unit" 2 1;
 .timescale 0 0;
S_0x59ccd5543870 .scope package, "edgeasic_config_pkg" "edgeasic_config_pkg" 3 3;
 .timescale -9 -12;
P_0x59ccd5530770 .param/l "ACC_W" 0 3 9, +C4<00000000000000000000000000100000>;
P_0x59ccd55307b0 .param/l "ACT_W" 0 3 7, +C4<00000000000000000000000000001000>;
P_0x59ccd55307f0 .param/l "ARRAY_N" 0 3 11, +C4<00000000000000000000000000001000>;
P_0x59ccd5530830 .param/l "N" 0 3 6, +C4<00000000000000000000000000001000>;
P_0x59ccd5530870 .param/l "OUT_W" 0 3 10, +C4<00000000000000000000000000001000>;
P_0x59ccd55308b0 .param/l "WGT_W" 0 3 8, +C4<00000000000000000000000000001000>;
S_0x59ccd554b0a0 .scope module, "sddu" "sddu" 4 6;
 .timescale -9 -12;
    .port_info 0 /INPUT 1 "clk";
    .port_info 1 /INPUT 1 "rst_n";
    .port_info 2 /INPUT 1 "in_valid";
    .port_info 3 /INPUT 1 "enable";
    .port_info 4 /INPUT 256 "in_psum_bus";
    .port_info 5 /INPUT 1 "in_k_tile_first";
    .port_info 6 /INPUT 1 "in_k_tile_last";
    .port_info 7 /OUTPUT 1 "out_valid";
    .port_info 8 /OUTPUT 256 "out_psum_bus";
    .port_info 9 /OUTPUT 1 "out_k_tile_first";
    .port_info 10 /OUTPUT 1 "out_k_tile_last";
P_0x59ccd5534ae0 .param/l "MAX_DELAY" 1 4 23, +C4<00000000000000000000000000000111>;
v0x59ccd556ef50_6 .array/port v0x59ccd556ef50, 6;
L_0x59ccd5571fe0 .functor BUFZ 1, v0x59ccd556ef50_6, C4<0>, C4<0>, C4<0>;
v0x59ccd556f0d0_6 .array/port v0x59ccd556f0d0, 6;
L_0x59ccd5572050 .functor BUFZ 1, v0x59ccd556f0d0_6, C4<0>, C4<0>, C4<0>;
o0x7e457d88a498 .functor BUFZ 1, C4<z>; HiZ drive
v0x59ccd556ea30_0 .net "clk", 0 0, o0x7e457d88a498;  0 drivers
o0x7e457d88a4c8 .functor BUFZ 1, C4<z>; HiZ drive
v0x59ccd556eb10_0 .net "enable", 0 0, o0x7e457d88a4c8;  0 drivers
o0x7e457d88a4f8 .functor BUFZ 1, C4<z>; HiZ drive
v0x59ccd556ebd0_0 .net "in_k_tile_first", 0 0, o0x7e457d88a4f8;  0 drivers
o0x7e457d88a528 .functor BUFZ 1, C4<z>; HiZ drive
v0x59ccd556eca0_0 .net "in_k_tile_last", 0 0, o0x7e457d88a528;  0 drivers
o0x7e457d88a558 .functor BUFZ 256, C4<zzzzzzzzzzzzzzzzzzzzzzzzzzzzzzzzzzzzzzzzzzzzzzzzzzzzzzzzzzzzzzzzzzzzzzzzzzzzzzzzzzzzzzzzzzzzzzzzzzzzzzzzzzzzzzzzzzzzzzzzzzzzzzzzzzzzzzzzzzzzzzzzzzzzzzzzzzzzzzzzzzzzzzzzzzzzzzzzzzzzzzzzzzzzzzzzzzzzzzzzzzzzzzzzzzzzzzzzzzzzzzzzzzzzzzzzzzzzzzzzzzzzzzzzzzzzzzzz>; HiZ drive
v0x59ccd556ed60_0 .net/s "in_psum_bus", 255 0, o0x7e457d88a558;  0 drivers
o0x7e457d88a588 .functor BUFZ 1, C4<z>; HiZ drive
v0x59ccd556ee90_0 .net "in_valid", 0 0, o0x7e457d88a588;  0 drivers
v0x59ccd556ef50 .array "k_tile_first_pipe", 6 0, 0 0;
v0x59ccd556f0d0 .array "k_tile_last_pipe", 6 0, 0 0;
v0x59ccd556f250_0 .net "lane_valid", 7 0, L_0x59ccd5571720;  1 drivers
v0x59ccd556f330_0 .net "out_k_tile_first", 0 0, L_0x59ccd5571fe0;  1 drivers
v0x59ccd556f3f0_0 .net "out_k_tile_last", 0 0, L_0x59ccd5572050;  1 drivers
v0x59ccd556f4b0_0 .net/s "out_psum_bus", 255 0, L_0x59ccd5571ae0;  1 drivers
v0x59ccd556f590_0 .net "out_valid", 0 0, L_0x59ccd5571ef0;  1 drivers
v0x59ccd556f650 .array/s "psum_pipe", 55 0, 31 0;
o0x7e457d88b3c8 .functor BUFZ 1, C4<z>; HiZ drive
v0x59ccd556ffe0_0 .net "rst_n", 0 0, o0x7e457d88b3c8;  0 drivers
v0x59ccd55700a0 .array "valid_pipe", 55 0, 0 0;
E_0x59ccd5531170/0 .event negedge, v0x59ccd556ffe0_0;
E_0x59ccd5531170/1 .event posedge, v0x59ccd556ea30_0;
E_0x59ccd5531170 .event/or E_0x59ccd5531170/0, E_0x59ccd5531170/1;
v0x59ccd55700a0_6 .array/port v0x59ccd55700a0, 6;
v0x59ccd55700a0_12 .array/port v0x59ccd55700a0, 12;
v0x59ccd55700a0_18 .array/port v0x59ccd55700a0, 18;
v0x59ccd55700a0_24 .array/port v0x59ccd55700a0, 24;
LS_0x59ccd5571720_0_0 .concat8 [ 1 1 1 1], v0x59ccd55700a0_6, v0x59ccd55700a0_12, v0x59ccd55700a0_18, v0x59ccd55700a0_24;
v0x59ccd55700a0_30 .array/port v0x59ccd55700a0, 30;
v0x59ccd55700a0_36 .array/port v0x59ccd55700a0, 36;
v0x59ccd55700a0_42 .array/port v0x59ccd55700a0, 42;
LS_0x59ccd5571720_0_4 .concat8 [ 1 1 1 1], v0x59ccd55700a0_30, v0x59ccd55700a0_36, v0x59ccd55700a0_42, L_0x59ccd5571a20;
L_0x59ccd5571720 .concat8 [ 4 4 0 0], LS_0x59ccd5571720_0_0, LS_0x59ccd5571720_0_4;
v0x59ccd556f650_6 .array/port v0x59ccd556f650, 6;
v0x59ccd556f650_12 .array/port v0x59ccd556f650, 12;
v0x59ccd556f650_18 .array/port v0x59ccd556f650, 18;
v0x59ccd556f650_24 .array/port v0x59ccd556f650, 24;
LS_0x59ccd5571ae0_0_0 .concat8 [ 32 32 32 32], v0x59ccd556f650_6, v0x59ccd556f650_12, v0x59ccd556f650_18, v0x59ccd556f650_24;
v0x59ccd556f650_30 .array/port v0x59ccd556f650, 30;
v0x59ccd556f650_36 .array/port v0x59ccd556f650, 36;
v0x59ccd556f650_42 .array/port v0x59ccd556f650, 42;
LS_0x59ccd5571ae0_0_4 .concat8 [ 32 32 32 32], v0x59ccd556f650_30, v0x59ccd556f650_36, v0x59ccd556f650_42, L_0x59ccd5571e00;
L_0x59ccd5571ae0 .concat8 [ 128 128 0 0], LS_0x59ccd5571ae0_0_0, LS_0x59ccd5571ae0_0_4;
L_0x59ccd5571e00 .part o0x7e457d88a558, 224, 32;
L_0x59ccd5571ef0 .reduce/and L_0x59ccd5571720;
S_0x59ccd554b230 .scope begin, "$ivl_for_loop0" "$ivl_for_loop0" 4 31, 4 31 0, S_0x59ccd554b0a0;
 .timescale -9 -12;
v0x59ccd5569df0_0 .var/2s "i", 31 0;
S_0x59ccd554b3c0 .scope begin, "$ivl_for_loop1" "$ivl_for_loop1" 4 32, 4 32 0, S_0x59ccd554b230;
 .timescale -9 -12;
v0x59ccd552cee0_0 .var/2s "j", 31 0;
S_0x59ccd5569ef0 .scope begin, "$ivl_for_loop2" "$ivl_for_loop2" 4 36, 4 36 0, S_0x59ccd554b0a0;
 .timescale -9 -12;
v0x59ccd556a3d0_0 .var/2s "i", 31 0;
S_0x59ccd556a0f0 .scope begin, "$ivl_for_loop3" "$ivl_for_loop3" 4 37, 4 37 0, S_0x59ccd5569ef0;
 .timescale -9 -12;
v0x59ccd556a2d0_0 .var/2s "j", 31 0;
S_0x59ccd556a4d0 .scope begin, "$ivl_for_loop4" "$ivl_for_loop4" 4 41, 4 41 0, S_0x59ccd554b0a0;
 .timescale -9 -12;
v0x59ccd556a6b0_0 .var/2s "i", 31 0;
S_0x59ccd556a790 .scope begin, "$ivl_for_loop5" "$ivl_for_loop5" 4 48, 4 48 0, S_0x59ccd554b0a0;
 .timescale -9 -12;
v0x59ccd556ac70_0 .var/2s "i", 31 0;
S_0x59ccd556a970 .scope begin, "$ivl_for_loop6" "$ivl_for_loop6" 4 51, 4 51 0, S_0x59ccd556a790;
 .timescale -9 -12;
v0x59ccd556ab70_0 .var/2s "j", 31 0;
S_0x59ccd556ad70 .scope begin, "$ivl_for_loop7" "$ivl_for_loop7" 4 60, 4 60 0, S_0x59ccd554b0a0;
 .timescale -9 -12;
v0x59ccd556afa0_0 .var/2s "k", 31 0;
S_0x59ccd556b0a0 .scope generate, "genblk1[0]" "genblk1[0]" 4 70, 4 70 0, S_0x59ccd554b0a0;
 .timescale -9 -12;
P_0x59ccd55478c0 .param/l "DELAY" 1 4 71, +C4<00000000000000000000000000000111>;
P_0x59ccd5547900 .param/l "c" 1 4 70, +C4<00>;
S_0x59ccd556b380 .scope generate, "genblk1" "genblk1" 4 72, 4 72 0, S_0x59ccd556b0a0;
 .timescale -9 -12;
v0x59ccd556b560_0 .net *"_ivl_2", 0 0, v0x59ccd55700a0_6;  1 drivers
v0x59ccd556b660_0 .net *"_ivl_5", 31 0, v0x59ccd556f650_6;  1 drivers
S_0x59ccd556b740 .scope generate, "genblk1[1]" "genblk1[1]" 4 70, 4 70 0, S_0x59ccd554b0a0;
 .timescale -9 -12;
P_0x59ccd554a3f0 .param/l "DELAY" 1 4 71, +C4<00000000000000000000000000000110>;
P_0x59ccd554a430 .param/l "c" 1 4 70, +C4<01>;
S_0x59ccd556bab0 .scope generate, "genblk1" "genblk1" 4 72, 4 72 0, S_0x59ccd556b740;
 .timescale -9 -12;
v0x59ccd556bc90_0 .net *"_ivl_2", 0 0, v0x59ccd55700a0_12;  1 drivers
v0x59ccd556bd90_0 .net *"_ivl_5", 31 0, v0x59ccd556f650_12;  1 drivers
S_0x59ccd556be70 .scope generate, "genblk1[2]" "genblk1[2]" 4 70, 4 70 0, S_0x59ccd554b0a0;
 .timescale -9 -12;
P_0x59ccd556b990 .param/l "DELAY" 1 4 71, +C4<00000000000000000000000000000101>;
P_0x59ccd556b9d0 .param/l "c" 1 4 70, +C4<010>;
S_0x59ccd556c1e0 .scope generate, "genblk1" "genblk1" 4 72, 4 72 0, S_0x59ccd556be70;
 .timescale -9 -12;
v0x59ccd556c3c0_0 .net *"_ivl_2", 0 0, v0x59ccd55700a0_18;  1 drivers
v0x59ccd556c4c0_0 .net *"_ivl_5", 31 0, v0x59ccd556f650_18;  1 drivers
S_0x59ccd556c5a0 .scope generate, "genblk1[3]" "genblk1[3]" 4 70, 4 70 0, S_0x59ccd554b0a0;
 .timescale -9 -12;
P_0x59ccd556c7a0 .param/l "DELAY" 1 4 71, +C4<00000000000000000000000000000100>;
P_0x59ccd556c7e0 .param/l "c" 1 4 70, +C4<011>;
S_0x59ccd556c9a0 .scope generate, "genblk1" "genblk1" 4 72, 4 72 0, S_0x59ccd556c5a0;
 .timescale -9 -12;
v0x59ccd556cb30_0 .net *"_ivl_2", 0 0, v0x59ccd55700a0_24;  1 drivers
v0x59ccd556cc30_0 .net *"_ivl_5", 31 0, v0x59ccd556f650_24;  1 drivers
S_0x59ccd556cd10 .scope generate, "genblk1[4]" "genblk1[4]" 4 70, 4 70 0, S_0x59ccd554b0a0;
 .timescale -9 -12;
P_0x59ccd556c880 .param/l "DELAY" 1 4 71, +C4<00000000000000000000000000000011>;
P_0x59ccd556c8c0 .param/l "c" 1 4 70, +C4<0100>;
S_0x59ccd556d080 .scope generate, "genblk1" "genblk1" 4 72, 4 72 0, S_0x59ccd556cd10;
 .timescale -9 -12;
v0x59ccd556d260_0 .net *"_ivl_2", 0 0, v0x59ccd55700a0_30;  1 drivers
v0x59ccd556d360_0 .net *"_ivl_5", 31 0, v0x59ccd556f650_30;  1 drivers
S_0x59ccd556d440 .scope generate, "genblk1[5]" "genblk1[5]" 4 70, 4 70 0, S_0x59ccd554b0a0;
 .timescale -9 -12;
P_0x59ccd556cf60 .param/l "DELAY" 1 4 71, +C4<00000000000000000000000000000010>;
P_0x59ccd556cfa0 .param/l "c" 1 4 70, +C4<0101>;
S_0x59ccd556d7b0 .scope generate, "genblk1" "genblk1" 4 72, 4 72 0, S_0x59ccd556d440;
 .timescale -9 -12;
v0x59ccd556d990_0 .net *"_ivl_2", 0 0, v0x59ccd55700a0_36;  1 drivers
v0x59ccd556da90_0 .net *"_ivl_5", 31 0, v0x59ccd556f650_36;  1 drivers
S_0x59ccd556db70 .scope generate, "genblk1[6]" "genblk1[6]" 4 70, 4 70 0, S_0x59ccd554b0a0;
 .timescale -9 -12;
P_0x59ccd556d690 .param/l "DELAY" 1 4 71, +C4<00000000000000000000000000000001>;
P_0x59ccd556d6d0 .param/l "c" 1 4 70, +C4<0110>;
S_0x59ccd556df10 .scope generate, "genblk1" "genblk1" 4 72, 4 72 0, S_0x59ccd556db70;
 .timescale -9 -12;
v0x59ccd556e0f0_0 .net *"_ivl_2", 0 0, v0x59ccd55700a0_42;  1 drivers
v0x59ccd556e1f0_0 .net *"_ivl_5", 31 0, v0x59ccd556f650_42;  1 drivers
S_0x59ccd556e2d0 .scope generate, "genblk1[7]" "genblk1[7]" 4 70, 4 70 0, S_0x59ccd554b0a0;
 .timescale -9 -12;
P_0x59ccd556ddc0 .param/l "DELAY" 1 4 71, +C4<00000000000000000000000000000000>;
P_0x59ccd556de00 .param/l "c" 1 4 70, +C4<0111>;
S_0x59ccd556e670 .scope generate, "genblk1" "genblk1" 4 72, 4 72 0, S_0x59ccd556e2d0;
 .timescale -9 -12;
L_0x59ccd5571a20 .functor BUFZ 1, o0x7e457d88a588, C4<0>, C4<0>, C4<0>;
v0x59ccd556e850_0 .net *"_ivl_1", 0 0, L_0x59ccd5571a20;  1 drivers
v0x59ccd556e950_0 .net *"_ivl_2", 31 0, L_0x59ccd5571e00;  1 drivers
    .scope S_0x59ccd554b0a0;
T_0 ;
    %wait E_0x59ccd5531170;
    %load/vec4 v0x59ccd556ffe0_0;
    %nor/r;
    %flag_set/vec4 8;
    %jmp/0xz  T_0.0, 8;
    %fork t_1, S_0x59ccd554b230;
    %jmp t_0;
    .scope S_0x59ccd554b230;
t_1 ;
    %pushi/vec4 0, 0, 32;
    %store/vec4 v0x59ccd5569df0_0, 0, 32;
T_0.2 ;
    %load/vec4 v0x59ccd5569df0_0;
    %cmpi/s 8, 0, 32;
    %jmp/0xz T_0.3, 5;
    %fork t_3, S_0x59ccd554b3c0;
    %jmp t_2;
    .scope S_0x59ccd554b3c0;
t_3 ;
    %pushi/vec4 0, 0, 32;
    %store/vec4 v0x59ccd552cee0_0, 0, 32;
T_0.4 ;
    %load/vec4 v0x59ccd552cee0_0;
    %cmpi/s 7, 0, 32;
    %jmp/0xz T_0.5, 5;
    %pushi/vec4 0, 0, 32;
    %load/vec4 v0x59ccd5569df0_0;
    %pad/s 35;
    %pad/s 38;
    %muli 7, 0, 38;
    %pad/s 39;
    %load/vec4 v0x59ccd552cee0_0;
    %pad/s 39;
    %add;
    %ix/vec4/s 3;
    %ix/load 4, 0, 0; Constant delay
    %assign/vec4/a/d v0x59ccd556f650, 0, 4;
    %load/vec4 v0x59ccd552cee0_0;
    %addi 1, 0, 32;
    %cast2;
    %store/vec4 v0x59ccd552cee0_0, 0, 32;
    %jmp T_0.4;
T_0.5 ;
    %end;
    .scope S_0x59ccd554b230;
t_2 %join;
    %load/vec4 v0x59ccd5569df0_0;
    %addi 1, 0, 32;
    %cast2;
    %store/vec4 v0x59ccd5569df0_0, 0, 32;
    %jmp T_0.2;
T_0.3 ;
    %end;
    .scope S_0x59ccd554b0a0;
t_0 %join;
    %fork t_5, S_0x59ccd5569ef0;
    %jmp t_4;
    .scope S_0x59ccd5569ef0;
t_5 ;
    %pushi/vec4 0, 0, 32;
    %store/vec4 v0x59ccd556a3d0_0, 0, 32;
T_0.6 ;
    %load/vec4 v0x59ccd556a3d0_0;
    %cmpi/s 8, 0, 32;
    %jmp/0xz T_0.7, 5;
    %fork t_7, S_0x59ccd556a0f0;
    %jmp t_6;
    .scope S_0x59ccd556a0f0;
t_7 ;
    %pushi/vec4 0, 0, 32;
    %store/vec4 v0x59ccd556a2d0_0, 0, 32;
T_0.8 ;
    %load/vec4 v0x59ccd556a2d0_0;
    %cmpi/s 7, 0, 32;
    %jmp/0xz T_0.9, 5;
    %pushi/vec4 0, 0, 1;
    %load/vec4 v0x59ccd556a3d0_0;
    %pad/s 35;
    %pad/s 38;
    %muli 7, 0, 38;
    %pad/s 39;
    %load/vec4 v0x59ccd556a2d0_0;
    %pad/s 39;
    %add;
    %ix/vec4/s 3;
    %ix/load 4, 0, 0; Constant delay
    %assign/vec4/a/d v0x59ccd55700a0, 0, 4;
    %load/vec4 v0x59ccd556a2d0_0;
    %addi 1, 0, 32;
    %cast2;
    %store/vec4 v0x59ccd556a2d0_0, 0, 32;
    %jmp T_0.8;
T_0.9 ;
    %end;
    .scope S_0x59ccd5569ef0;
t_6 %join;
    %load/vec4 v0x59ccd556a3d0_0;
    %addi 1, 0, 32;
    %cast2;
    %store/vec4 v0x59ccd556a3d0_0, 0, 32;
    %jmp T_0.6;
T_0.7 ;
    %end;
    .scope S_0x59ccd554b0a0;
t_4 %join;
    %fork t_9, S_0x59ccd556a4d0;
    %jmp t_8;
    .scope S_0x59ccd556a4d0;
t_9 ;
    %pushi/vec4 0, 0, 32;
    %store/vec4 v0x59ccd556a6b0_0, 0, 32;
T_0.10 ;
    %load/vec4 v0x59ccd556a6b0_0;
    %cmpi/s 7, 0, 32;
    %jmp/0xz T_0.11, 5;
    %pushi/vec4 0, 0, 1;
    %ix/getv/s 3, v0x59ccd556a6b0_0;
    %ix/load 4, 0, 0; Constant delay
    %assign/vec4/a/d v0x59ccd556ef50, 0, 4;
    %pushi/vec4 0, 0, 1;
    %ix/getv/s 3, v0x59ccd556a6b0_0;
    %ix/load 4, 0, 0; Constant delay
    %assign/vec4/a/d v0x59ccd556f0d0, 0, 4;
    %load/vec4 v0x59ccd556a6b0_0;
    %addi 1, 0, 32;
    %cast2;
    %store/vec4 v0x59ccd556a6b0_0, 0, 32;
    %jmp T_0.10;
T_0.11 ;
    %end;
    .scope S_0x59ccd554b0a0;
t_8 %join;
    %jmp T_0.1;
T_0.0 ;
    %load/vec4 v0x59ccd556eb10_0;
    %flag_set/vec4 8;
    %jmp/0xz  T_0.12, 8;
    %fork t_11, S_0x59ccd556a790;
    %jmp t_10;
    .scope S_0x59ccd556a790;
t_11 ;
    %pushi/vec4 0, 0, 32;
    %store/vec4 v0x59ccd556ac70_0, 0, 32;
T_0.14 ;
    %load/vec4 v0x59ccd556ac70_0;
    %cmpi/s 8, 0, 32;
    %jmp/0xz T_0.15, 5;
    %load/vec4 v0x59ccd556ee90_0;
    %load/vec4 v0x59ccd556ac70_0;
    %pad/s 35;
    %pad/s 38;
    %muli 7, 0, 38;
    %ix/vec4/s 3;
    %ix/load 4, 0, 0; Constant delay
    %assign/vec4/a/d v0x59ccd55700a0, 0, 4;
    %load/vec4 v0x59ccd556ed60_0;
    %load/vec4 v0x59ccd556ac70_0;
    %muli 32, 0, 32;
    %part/s 32;
    %load/vec4 v0x59ccd556ac70_0;
    %pad/s 35;
    %pad/s 38;
    %muli 7, 0, 38;
    %ix/vec4/s 3;
    %ix/load 4, 0, 0; Constant delay
    %assign/vec4/a/d v0x59ccd556f650, 0, 4;
    %fork t_13, S_0x59ccd556a970;
    %jmp t_12;
    .scope S_0x59ccd556a970;
t_13 ;
    %pushi/vec4 1, 0, 32;
    %store/vec4 v0x59ccd556ab70_0, 0, 32;
T_0.16 ;
    %load/vec4 v0x59ccd556ab70_0;
    %cmpi/s 7, 0, 32;
    %jmp/0xz T_0.17, 5;
    %load/vec4 v0x59ccd556ac70_0;
    %pad/s 35;
    %pad/s 38;
    %muli 7, 0, 38;
    %pad/s 39;
    %load/vec4 v0x59ccd556ab70_0;
    %subi 1, 0, 32;
    %pad/s 39;
    %add;
    %ix/vec4/s 4;
    %load/vec4a v0x59ccd55700a0, 4;
    %load/vec4 v0x59ccd556ac70_0;
    %pad/s 35;
    %pad/s 38;
    %muli 7, 0, 38;
    %pad/s 39;
    %load/vec4 v0x59ccd556ab70_0;
    %pad/s 39;
    %add;
    %ix/vec4/s 3;
    %ix/load 4, 0, 0; Constant delay
    %assign/vec4/a/d v0x59ccd55700a0, 0, 4;
    %load/vec4 v0x59ccd556ac70_0;
    %pad/s 35;
    %pad/s 38;
    %muli 7, 0, 38;
    %pad/s 39;
    %load/vec4 v0x59ccd556ab70_0;
    %subi 1, 0, 32;
    %pad/s 39;
    %add;
    %ix/vec4/s 4;
    %load/vec4a v0x59ccd556f650, 4;
    %load/vec4 v0x59ccd556ac70_0;
    %pad/s 35;
    %pad/s 38;
    %muli 7, 0, 38;
    %pad/s 39;
    %load/vec4 v0x59ccd556ab70_0;
    %pad/s 39;
    %add;
    %ix/vec4/s 3;
    %ix/load 4, 0, 0; Constant delay
    %assign/vec4/a/d v0x59ccd556f650, 0, 4;
    %load/vec4 v0x59ccd556ab70_0;
    %addi 1, 0, 32;
    %cast2;
    %store/vec4 v0x59ccd556ab70_0, 0, 32;
    %jmp T_0.16;
T_0.17 ;
    %end;
    .scope S_0x59ccd556a790;
t_12 %join;
    %load/vec4 v0x59ccd556ac70_0;
    %addi 1, 0, 32;
    %cast2;
    %store/vec4 v0x59ccd556ac70_0, 0, 32;
    %jmp T_0.14;
T_0.15 ;
    %end;
    .scope S_0x59ccd554b0a0;
t_10 %join;
    %load/vec4 v0x59ccd556ebd0_0;
    %ix/load 3, 0, 0;
    %flag_set/imm 4, 0;
    %ix/load 4, 0, 0; Constant delay
    %assign/vec4/a/d v0x59ccd556ef50, 0, 4;
    %load/vec4 v0x59ccd556eca0_0;
    %ix/load 3, 0, 0;
    %flag_set/imm 4, 0;
    %ix/load 4, 0, 0; Constant delay
    %assign/vec4/a/d v0x59ccd556f0d0, 0, 4;
    %fork t_15, S_0x59ccd556ad70;
    %jmp t_14;
    .scope S_0x59ccd556ad70;
t_15 ;
    %pushi/vec4 1, 0, 32;
    %store/vec4 v0x59ccd556afa0_0, 0, 32;
T_0.18 ;
    %load/vec4 v0x59ccd556afa0_0;
    %cmpi/s 7, 0, 32;
    %jmp/0xz T_0.19, 5;
    %load/vec4 v0x59ccd556afa0_0;
    %subi 1, 0, 32;
    %ix/vec4/s 4;
    %load/vec4a v0x59ccd556ef50, 4;
    %ix/getv/s 3, v0x59ccd556afa0_0;
    %ix/load 4, 0, 0; Constant delay
    %assign/vec4/a/d v0x59ccd556ef50, 0, 4;
    %load/vec4 v0x59ccd556afa0_0;
    %subi 1, 0, 32;
    %ix/vec4/s 4;
    %load/vec4a v0x59ccd556f0d0, 4;
    %ix/getv/s 3, v0x59ccd556afa0_0;
    %ix/load 4, 0, 0; Constant delay
    %assign/vec4/a/d v0x59ccd556f0d0, 0, 4;
    %load/vec4 v0x59ccd556afa0_0;
    %addi 1, 0, 32;
    %cast2;
    %store/vec4 v0x59ccd556afa0_0, 0, 32;
    %jmp T_0.18;
T_0.19 ;
    %end;
    .scope S_0x59ccd554b0a0;
t_14 %join;
T_0.12 ;
T_0.1 ;
    %jmp T_0;
    .thread T_0;
# The file index is used to find the file name in the following table.
:file_names 5;
    "N/A";
    "<interactive>";
    "-";
    "rtl/pkg/edgeasic_config_pkg.sv";
    "rtl/core/sddu.sv";
